'inputparameters.dat' -> '../freya/data_freya/inputparameters.dat'
'inputparameters.dat' -> '../freya/data_freya/inputparameters.dat'
starting grid calculation
Begin Parsing Data...
('Parsing:', 'nubar')
('Parsing:', 'n_mult')
('Parsing:', 'average_photon_energy')
('Parsing:', 'nubar_moments')
('Parsing:', 'n_spectrum')
('Parsing:', 'gammabar')
('Time:', 0.027372121810913086)
Begin Optimizing FREYA (This may take a while...)
calculating errors on nodes...
Begin Rewriting Parameter File...
Successful.
Begin Generating Events...
WARNING: 1,000,000 events is recommended
Successful.
Time: 2.31858992577 sec
Importing Events...
10000 events imported.
Time: 0.151538133621 sec
Parsing events...
All events parsed.
Time: 1.1240260601 sec
Calculating Statistics... 
Time: 0.00874614715576 sec
 Begin generating weighted chi-squared routine...
calculating error for: n_spectrum
('average', 'n_spectrum', 'error: ', 0.0)
Calculating error for:nubar
('nubar', 'error:', 0.0)
Calculating error for:gammabar
('gammabar', 'error:', 15.243168062499981)
Calculating error for:average_photon_energy
('average_photon_energy', 'error:', 0.0)
calculating error for: nubar_moments
('average', 'nubar_moments', 'error: ', 0.0)
calculating error for: n_mult
('average', 'n_mult', 'error: ', 0.4546597526293103)
('Time:', 0.0008730888366699219)
('Total Weighted Error: ', 15.69782781512929)
('Total Error: ', 240.4995802376676)
Successful.
Done.
('optimized parameters:', array([ 12.5780745 ,   0.97125344]))
('time:', 655.6668899059296)
Begin printing output...
Finished.
Statistics generated in: 
/global/home/users/jayteeveedee/sf/pu240/grids/optimization/sub_py/../../output/covariance/94240-1
'inputparameters.dat' -> '../freya/data_freya/inputparameters.dat'
'inputparameters.dat' -> '../freya/data_freya/inputparameters.dat'
starting grid calculation
Begin Parsing Data...
('Parsing:', 'nubar')
('Parsing:', 'n_mult')
('Parsing:', 'average_photon_energy')
('Parsing:', 'nubar_moments')
('Parsing:', 'n_spectrum')
('Parsing:', 'gammabar')
('Time:', 0.005814790725708008)
Begin Optimizing FREYA (This may take a while...)
calculating errors on nodes...
Begin Rewriting Parameter File...
Successful.
Begin Generating Events...
WARNING: 1,000,000 events is recommended
Successful.
Time: 2.18837499619 sec
Importing Events...
10000 events imported.
Time: 0.141464948654 sec
Parsing events...
All events parsed.
Time: 1.1348118782 sec
Calculating Statistics... 
Time: 0.00849795341492 sec
 Begin generating weighted chi-squared routine...
calculating error for: n_spectrum
('average', 'n_spectrum', 'error: ', 0.0)
Calculating error for:nubar
('nubar', 'error:', 0.0)
Calculating error for:gammabar
('gammabar', 'error:', 15.858315062499983)
Calculating error for:average_photon_energy
('average_photon_energy', 'error:', 0.0)
calculating error for: nubar_moments
('average', 'nubar_moments', 'error: ', 0.0)
calculating error for: n_mult
('average', 'n_mult', 'error: ', 0.8908130403479162)
('Time:', 0.0008859634399414062)
('Total Weighted Error: ', 16.749128102847898)
('Total Error: ', 353.50099687503996)
Successful.
Done.
('optimized parameters:', array([ 11.5250196 ,   1.59944611]))
('time:', 600.9689440727234)
Begin printing output...
Finished.
Statistics generated in: 
/global/home/users/jayteeveedee/sf/pu240/grids/optimization/sub_py/../../output/covariance/94240-1
'inputparameters.dat' -> '../freya/data_freya/inputparameters.dat'
'inputparameters.dat' -> '../freya/data_freya/inputparameters.dat'
starting grid calculation
Begin Parsing Data...
('Parsing:', 'nubar')
('Parsing:', 'n_mult')
('Parsing:', 'average_photon_energy')
('Parsing:', 'nubar_moments')
('Parsing:', 'n_spectrum')
('Parsing:', 'gammabar')
('Time:', 0.006644010543823242)
Begin Optimizing FREYA (This may take a while...)
calculating errors on nodes...
Begin Rewriting Parameter File...
Successful.
Begin Generating Events...
WARNING: 1,000,000 events is recommended
Successful.
Time: 2.33657312393 sec
Importing Events...
10000 events imported.
Time: 0.144636869431 sec
Parsing events...
All events parsed.
Time: 1.15380811691 sec
Calculating Statistics... 
Time: 0.00973296165466 sec
 Begin generating weighted chi-squared routine...
calculating error for: n_spectrum
('average', 'n_spectrum', 'error: ', 0.0)
Calculating error for:nubar
('nubar', 'error:', 0.0)
Calculating error for:gammabar
('gammabar', 'error:', 0.15015624999999874)
Calculating error for:average_photon_energy
('average_photon_energy', 'error:', 0.0)
calculating error for: nubar_moments
('average', 'nubar_moments', 'error: ', 0.0)
calculating error for: n_mult
('average', 'n_mult', 'error: ', 1.3884581547624459)
('Time:', 0.0008900165557861328)
('Total Weighted Error: ', 1.5386144047624446)
('Total Error: ', 285.60657209724383)
Successful.
Done.
('optimized parameters:', array([ 9.45012686,  1.54003517]))
('time:', 633.0714240074158)
Begin printing output...
Finished.
Statistics generated in: 
/global/home/users/jayteeveedee/sf/pu240/grids/optimization/sub_py/../../output/covariance/94240-1
'inputparameters.dat' -> '../freya/data_freya/inputparameters.dat'
'inputparameters.dat' -> '../freya/data_freya/inputparameters.dat'
starting grid calculation
Begin Parsing Data...
('Parsing:', 'nubar')
('Parsing:', 'n_mult')
('Parsing:', 'average_photon_energy')
('Parsing:', 'nubar_moments')
('Parsing:', 'n_spectrum')
('Parsing:', 'gammabar')
('Time:', 0.005140066146850586)
Begin Optimizing FREYA (This may take a while...)
calculating errors on nodes...
Begin Rewriting Parameter File...
Successful.
Begin Generating Events...
WARNING: 1,000,000 events is recommended
Successful.
Time: 1.87114596367 sec
Importing Events...
10000 events imported.
Time: 0.145436048508 sec
Parsing events...
All events parsed.
Time: 1.11749196053 sec
Calculating Statistics... 
Time: 0.00830793380737 sec
 Begin generating weighted chi-squared routine...
calculating error for: n_spectrum
('average', 'n_spectrum', 'error: ', 0.0)
Calculating error for:nubar
('nubar', 'error:', 0.0)
Calculating error for:gammabar
('gammabar', 'error:', 17.774655999999975)
Calculating error for:average_photon_energy
('average_photon_energy', 'error:', 0.0)
calculating error for: nubar_moments
('average', 'nubar_moments', 'error: ', 0.0)
calculating error for: n_mult
('average', 'n_mult', 'error: ', 1.8093617047428783)
('Time:', 0.000885009765625)
('Total Weighted Error: ', 19.584017704742855)
('Total Error: ', 668.75171640631095)
Successful.
Done.
('optimized parameters:', array([ 11.49989471,  -1.99917603]))
('time:', 569.5786199569702)
Begin printing output...
Finished.
Statistics generated in: 
/global/home/users/jayteeveedee/sf/pu240/grids/optimization/sub_py/../../output/covariance/94240-1
'inputparameters.dat' -> '../freya/data_freya/inputparameters.dat'
'inputparameters.dat' -> '../freya/data_freya/inputparameters.dat'
starting grid calculation
Begin Parsing Data...
('Parsing:', 'nubar')
('Parsing:', 'n_mult')
('Parsing:', 'average_photon_energy')
('Parsing:', 'nubar_moments')
('Parsing:', 'n_spectrum')
('Parsing:', 'gammabar')
('Time:', 0.0049419403076171875)
Begin Optimizing FREYA (This may take a while...)
calculating errors on nodes...
Begin Rewriting Parameter File...
Successful.
Begin Generating Events...
WARNING: 1,000,000 events is recommended
Successful.
Time: 2.19091701508 sec
Importing Events...
10000 events imported.
Time: 0.142822027206 sec
Parsing events...
All events parsed.
Time: 1.12204003334 sec
Calculating Statistics... 
Time: 0.00841403007507 sec
 Begin generating weighted chi-squared routine...
calculating error for: n_spectrum
('average', 'n_spectrum', 'error: ', 0.0)
Calculating error for:nubar
('nubar', 'error:', 0.0)
Calculating error for:gammabar
('gammabar', 'error:', 15.004002249999987)
Calculating error for:average_photon_energy
('average_photon_energy', 'error:', 0.0)
calculating error for: nubar_moments
('average', 'nubar_moments', 'error: ', 0.0)
calculating error for: n_mult
('average', 'n_mult', 'error: ', 1.0496649665551168)
('Time:', 0.0008921623229980469)
('Total Weighted Error: ', 16.053667216555105)
('Total Error: ', 352.40785343009463)
Successful.
Done.
('optimized parameters:', array([ 1.00624075,  2.22750713]))
('time:', 610.2969071865082)
Begin printing output...
Finished.
Statistics generated in: 
/global/home/users/jayteeveedee/sf/pu240/grids/optimization/sub_py/../../output/covariance/94240-1
'inputparameters.dat' -> '../freya/data_freya/inputparameters.dat'
'inputparameters.dat' -> '../freya/data_freya/inputparameters.dat'
starting grid calculation
Begin Parsing Data...
('Parsing:', 'nubar')
('Parsing:', 'n_mult')
('Parsing:', 'average_photon_energy')
('Parsing:', 'nubar_moments')
('Parsing:', 'n_spectrum')
('Parsing:', 'gammabar')
('Time:', 0.00536799430847168)
Begin Optimizing FREYA (This may take a while...)
calculating errors on nodes...
Begin Rewriting Parameter File...
Successful.
Begin Generating Events...
WARNING: 1,000,000 events is recommended
Successful.
Time: 2.34314608574 sec
Importing Events...
10000 events imported.
Time: 0.155768871307 sec
Parsing events...
All events parsed.
Time: 1.20985794067 sec
Calculating Statistics... 
Time: 0.00958108901978 sec
 Begin generating weighted chi-squared routine...
calculating error for: n_spectrum
('average', 'n_spectrum', 'error: ', 0.0)
Calculating error for:nubar
('nubar', 'error:', 0.0)
Calculating error for:gammabar
('gammabar', 'error:', 0.52056224999999579)
Calculating error for:average_photon_energy
('average_photon_energy', 'error:', 0.0)
calculating error for: nubar_moments
('average', 'nubar_moments', 'error: ', 0.0)
calculating error for: n_mult
('average', 'n_mult', 'error: ', 0.78674085660464266)
('Time:', 0.0008690357208251953)
('Total Weighted Error: ', 1.3073031066046386)
('Total Error: ', 358.67317475627851)
Successful.
Done.
('optimized parameters:', array([ 1.02364901,  1.4518834 ]))
('time:', 633.554093837738)
Begin printing output...
Finished.
Statistics generated in: 
/global/home/users/jayteeveedee/sf/pu240/grids/optimization/sub_py/../../output/covariance/94240-1
'inputparameters.dat' -> '../freya/data_freya/inputparameters.dat'
'inputparameters.dat' -> '../freya/data_freya/inputparameters.dat'
starting grid calculation
Begin Parsing Data...
('Parsing:', 'nubar')
('Parsing:', 'n_mult')
('Parsing:', 'average_photon_energy')
('Parsing:', 'nubar_moments')
('Parsing:', 'n_spectrum')
('Parsing:', 'gammabar')
('Time:', 0.006262063980102539)
Begin Optimizing FREYA (This may take a while...)
calculating errors on nodes...
Begin Rewriting Parameter File...
Successful.
Begin Generating Events...
WARNING: 1,000,000 events is recommended
Successful.
Time: 2.16113996506 sec
Importing Events...
10000 events imported.
Time: 0.17680311203 sec
Parsing events...
All events parsed.
Time: 1.09105992317 sec
Calculating Statistics... 
Time: 0.00809001922607 sec
 Begin generating weighted chi-squared routine...
calculating error for: n_spectrum
('average', 'n_spectrum', 'error: ', 0.0)
Calculating error for:nubar
('nubar', 'error:', 0.0)
Calculating error for:gammabar
('gammabar', 'error:', 16.449108062499981)
Calculating error for:average_photon_energy
('average_photon_energy', 'error:', 0.0)
calculating error for: nubar_moments
('average', 'nubar_moments', 'error: ', 0.0)
calculating error for: n_mult
('average', 'n_mult', 'error: ', 0.70643152298320488)
('Time:', 0.0008599758148193359)
('Total Weighted Error: ', 17.155539585483186)
('Total Error: ', 371.47353679536656)
Successful.
Done.
('optimized parameters:', array([ 0.99744898, -2.10010386]))
('time:', 621.1761319637299)
Begin printing output...
Finished.
Statistics generated in: 
/global/home/users/jayteeveedee/sf/pu240/grids/optimization/sub_py/../../output/covariance/94240-1
'inputparameters.dat' -> '../freya/data_freya/inputparameters.dat'
'inputparameters.dat' -> '../freya/data_freya/inputparameters.dat'
starting grid calculation
Begin Parsing Data...
('Parsing:', 'nubar')
('Parsing:', 'n_mult')
('Parsing:', 'average_photon_energy')
('Parsing:', 'nubar_moments')
('Parsing:', 'n_spectrum')
('Parsing:', 'gammabar')
('Time:', 0.005230903625488281)
Begin Optimizing FREYA (This may take a while...)
calculating errors on nodes...
Begin Rewriting Parameter File...
Successful.
Begin Generating Events...
WARNING: 1,000,000 events is recommended
Successful.
Time: 2.24917697906 sec
Importing Events...
10000 events imported.
Time: 0.145570993423 sec
Parsing events...
All events parsed.
Time: 1.18868684769 sec
Calculating Statistics... 
Time: 0.00946497917175 sec
 Begin generating weighted chi-squared routine...
calculating error for: n_spectrum
('average', 'n_spectrum', 'error: ', 0.0)
Calculating error for:nubar
('nubar', 'error:', 0.0)
Calculating error for:gammabar
('gammabar', 'error:', 0.17703056249999694)
Calculating error for:average_photon_energy
('average_photon_energy', 'error:', 0.0)
calculating error for: nubar_moments
('average', 'nubar_moments', 'error: ', 0.0)
calculating error for: n_mult
('average', 'n_mult', 'error: ', 0.28886172670948851)
('Time:', 0.0009260177612304688)
('Total Weighted Error: ', 0.46589228920948544)
('Total Error: ', 399.95324938662117)
Successful.
Done.
('optimized parameters:', array([ 1.65747737,  1.52377668]))
('time:', 629.3818662166595)
Begin printing output...
Finished.
Statistics generated in: 
/global/home/users/jayteeveedee/sf/pu240/grids/optimization/sub_py/../../output/covariance/94240-1
'inputparameters.dat' -> '../freya/data_freya/inputparameters.dat'
'inputparameters.dat' -> '../freya/data_freya/inputparameters.dat'
starting grid calculation
Begin Parsing Data...
('Parsing:', 'nubar')
('Parsing:', 'n_mult')
('Parsing:', 'average_photon_energy')
('Parsing:', 'nubar_moments')
('Parsing:', 'n_spectrum')
('Parsing:', 'gammabar')
('Time:', 0.005551815032958984)
Begin Optimizing FREYA (This may take a while...)
calculating errors on nodes...
Begin Rewriting Parameter File...
Successful.
Begin Generating Events...
WARNING: 1,000,000 events is recommended
Successful.
Time: 2.21423792839 sec
Importing Events...
10000 events imported.
Time: 0.142872810364 sec
Parsing events...
All events parsed.
Time: 1.14952611923 sec
Calculating Statistics... 
Time: 0.0086030960083 sec
 Begin generating weighted chi-squared routine...
calculating error for: n_spectrum
('average', 'n_spectrum', 'error: ', 0.0)
Calculating error for:nubar
('nubar', 'error:', 0.0)
Calculating error for:gammabar
('gammabar', 'error:', 17.338895999999988)
Calculating error for:average_photon_energy
('average_photon_energy', 'error:', 0.0)
calculating error for: nubar_moments
('average', 'nubar_moments', 'error: ', 0.0)
calculating error for: n_mult
('average', 'n_mult', 'error: ', 0.55170158500943123)
('Time:', 0.0008847713470458984)
('Total Weighted Error: ', 17.89059758500942)
('Total Error: ', 325.76180257807846)
Successful.
Done.
('optimized parameters:', array([ 1.746558  , -2.10312996]))
('time:', 650.1052119731903)
Begin printing output...
Finished.
Statistics generated in: 
/global/home/users/jayteeveedee/sf/pu240/grids/optimization/sub_py/../../output/covariance/94240-1
'inputparameters.dat' -> '../freya/data_freya/inputparameters.dat'
'inputparameters.dat' -> '../freya/data_freya/inputparameters.dat'
starting grid calculation
Begin Parsing Data...
('Parsing:', 'nubar')
('Parsing:', 'n_mult')
('Parsing:', 'average_photon_energy')
('Parsing:', 'nubar_moments')
('Parsing:', 'n_spectrum')
('Parsing:', 'gammabar')
('Time:', 0.0054090023040771484)
Begin Optimizing FREYA (This may take a while...)
calculating errors on nodes...
Begin Rewriting Parameter File...
Successful.
Begin Generating Events...
WARNING: 1,000,000 events is recommended
Successful.
Time: 2.33780002594 sec
Importing Events...
10000 events imported.
Time: 0.145914077759 sec
Parsing events...
All events parsed.
Time: 1.16529107094 sec
Calculating Statistics... 
Time: 0.0091700553894 sec
 Begin generating weighted chi-squared routine...
calculating error for: n_spectrum
('average', 'n_spectrum', 'error: ', 0.0)
Calculating error for:nubar
('nubar', 'error:', 0.0)
Calculating error for:gammabar
('gammabar', 'error:', 0.030275999999999508)
Calculating error for:average_photon_energy
('average_photon_energy', 'error:', 0.0)
calculating error for: nubar_moments
('average', 'nubar_moments', 'error: ', 0.0)
calculating error for: n_mult
('average', 'n_mult', 'error: ', 1.3784952484744779)
('Time:', 0.0008771419525146484)
('Total Weighted Error: ', 1.4087712484744774)
('Total Error: ', 273.93064800797623)
Successful.
Done.
('optimized parameters:', array([ 1.57666738, -3.33775398]))
('time:', 634.8595950603485)
Begin printing output...
Finished.
Statistics generated in: 
/global/home/users/jayteeveedee/sf/pu240/grids/optimization/sub_py/../../output/covariance/94240-1
           JobID    Elapsed 
---------------- ---------- 
         3031817   01:44:18 
