'inputparameters.dat' -> '../freya/data_freya/inputparameters.dat'
/global/home/users/jayteeveedee/sf/cf252/variance/optimization/sub_py/error.py:133: RuntimeWarning: divide by zero encountered in double_scalars
  this_ratio = anal_array_depcolumn[row] / element[1,0]
/global/home/users/jayteeveedee/sf/cf252/variance/optimization/sub_py/error.py:133: RuntimeWarning: invalid value encountered in double_scalars
  this_ratio = anal_array_depcolumn[row] / element[1,0]
/global/home/users/jayteeveedee/sf/cf252/variance/optimization/sub_py/error.py:148: RuntimeWarning: invalid value encountered in double_scalars
  /(b**2*(y**2 + b**2)))
/global/home/users/jayteeveedee/sf/cf252/variance/optimization/sub_py/error.py:147: RuntimeWarning: invalid value encountered in double_scalars
  potential_ratio_bar = np.sqrt(((x**2 + a**2)*b**2 - a**2 * (y**2 + b**2))
'inputparameters.dat' -> '../freya/data_freya/inputparameters.dat'
we are here
starting variance calculation
Begin Parsing Data...
('Parsing:', 'n_Af_alt')
('Parsing:', 'mannhart')
('Parsing:', 'n_TKE_alt')
('Parsing:', 'n_mult')
('Parsing:', 'm_mult_smudge')
('Parsing:', 'n_Af')
('Parsing:', 'average_photon_energy')
('Parsing:', 'm_mult')
('Parsing:', 'nubar')
('Parsing:', 'rest_n_spectrum')
('Parsing:', 'n_TKE')
('Parsing:', 'gammabar')
('Parsing:', 'nubar_moments')
('Time:', 0.08670711517333984)
Begin Optimizing FREYA (This may take a while...)
calculating errors on nodes...
Begin Rewriting Parameter File...
Successful.
Begin Generating Events...
WARNING: 1,000,000 events is recommended
Successful.
Time: 1.22780108452 sec
Importing Events...
100000 events imported.
Time: 1.1891541481 sec
Parsing events...
All events parsed.
Time: 12.5750198364 sec
Calculating Statistics... 
Time: 0.125817060471 sec
 Begin generating weighted chi-squared routine...
calculating error for: rest_n_spectrum
('average', 'rest_n_spectrum', 'error: ', 0.0)
Calculating error for:nubar
('nubar', 'error:', 172.2739220000002)
Calculating error for:gammabar
('gammabar', 'error:', 0.8101800100000025)
calculating error for: n_mult
('average', 'n_mult', 'error: ', 2.7723546369866425)
calculating error for: n_Af
('average', 'n_Af', 'error: ', 52.129903861481843)
Calculating error for:average_photon_energy
('average_photon_energy', 'error:', 0.27323895429770428)
calculating error for: m_mult_smudge
('average', 'm_mult_smudge', 'error: ', 0.0)
calculating error for: m_mult
('average', 'm_mult', 'error: ', 0.34674186602904122)
calculating error for: n_Af_alt
('average', 'n_Af_alt', 'error: ', 0.0)
calculating error for: nubar_moments
('average', 'nubar_moments', 'error: ', 196.17933536085823)
calculating error for: n_TKE_alt
('average', 'n_TKE_alt', 'error: ', 0.0)
calculating error for: mannhart
('average', 'mannhart', 'error: ', 13997.963210622551)
calculating error for: n_TKE
('average', 'n_TKE', 'error: ', 5.8623661548551445)
('Time:', 0.014976978302001953)
('Total Weighted Error: ', 14428.611253467059)
('Total Error: ', 2293012.7260242309)
Successful.
Done.
('optimized parameters:', array([ 9.77777778]))
('time:', 950.1859991550446)
Begin printing output...
Finished.
Statistics generated in: 
/global/home/users/jayteeveedee/sf/cf252/variance/optimization/sub_py/../../output/variance/Z=98 A=252_E=-1_grid
Calculating variance...
('Number of Degrees of Freedom:', 1006)
('PROBABILITY:', array([  2.48002854e+127,   2.92829791e+126,   6.68846477e+125,
         2.75624412e+125,   1.66800455e+125,   1.11647065e+125,
         1.12702285e+125,   1.59935309e+125,   2.55871588e+125,
         5.60628641e+125]))
('average', 7.4540534794961202)
('average2', 56.597197906027873)
('variance:', 1.0342846308396574)
('events: ', 100000)
e
('resolution:', 10.0)
(98, 252)
None
'inputparameters.dat' -> '../freya/data_freya/inputparameters.dat'
/global/home/users/jayteeveedee/sf/cf252/variance/optimization/sub_py/error.py:133: RuntimeWarning: divide by zero encountered in double_scalars
  this_ratio = anal_array_depcolumn[row] / element[1,0]
/global/home/users/jayteeveedee/sf/cf252/variance/optimization/sub_py/error.py:148: RuntimeWarning: invalid value encountered in double_scalars
  /(b**2*(y**2 + b**2)))
'inputparameters.dat' -> '../freya/data_freya/inputparameters.dat'
we are here
starting variance calculation
Begin Parsing Data...
('Parsing:', 'n_Af_alt')
('Parsing:', 'mannhart')
('Parsing:', 'n_TKE_alt')
('Parsing:', 'n_mult')
('Parsing:', 'm_mult_smudge')
('Parsing:', 'n_Af')
('Parsing:', 'average_photon_energy')
('Parsing:', 'm_mult')
('Parsing:', 'nubar')
('Parsing:', 'rest_n_spectrum')
('Parsing:', 'n_TKE')
('Parsing:', 'gammabar')
('Parsing:', 'nubar_moments')
('Time:', 0.013341188430786133)
Begin Optimizing FREYA (This may take a while...)
calculating errors on nodes...
Begin Rewriting Parameter File...
Successful.
Begin Generating Events...
WARNING: 1,000,000 events is recommended
Successful.
Time: 1.23005199432 sec
Importing Events...
100000 events imported.
Time: 1.25805592537 sec
Parsing events...
All events parsed.
Time: 11.7718529701 sec
Calculating Statistics... 
Time: 0.12402009964 sec
 Begin generating weighted chi-squared routine...
calculating error for: rest_n_spectrum
('average', 'rest_n_spectrum', 'error: ', 0.0)
Calculating error for:nubar
('nubar', 'error:', 147.47313800000114)
Calculating error for:gammabar
('gammabar', 'error:', 0.90368789062500077)
calculating error for: n_mult
('average', 'n_mult', 'error: ', 2.4188746176133828)
calculating error for: n_Af
('average', 'n_Af', 'error: ', 310.21055897773249)
Calculating error for:average_photon_energy
('average_photon_energy', 'error:', 0.54844811317622688)
calculating error for: m_mult_smudge
('average', 'm_mult_smudge', 'error: ', 0.0)
calculating error for: m_mult
('average', 'm_mult', 'error: ', 0.36404039122936876)
calculating error for: n_Af_alt
('average', 'n_Af_alt', 'error: ', 0.0)
calculating error for: nubar_moments
('average', 'nubar_moments', 'error: ', 160.94997671778268)
calculating error for: n_TKE_alt
('average', 'n_TKE_alt', 'error: ', 0.0)
calculating error for: mannhart
('average', 'mannhart', 'error: ', 14010.179982905909)
calculating error for: n_TKE
('average', 'n_TKE', 'error: ', 5.996221007111779)
('Time:', 0.014412164688110352)
('Total Weighted Error: ', 14639.044928621181)
('Total Error: ', 2385680.6854201229)
Successful.
Done.
('optimized parameters:', array([ 1.27777778]))
('time:', 755.0156722068787)
Begin printing output...
Finished.
Statistics generated in: 
/global/home/users/jayteeveedee/sf/cf252/variance/optimization/sub_py/../../output/variance/Z=98 A=252_E=-1_grid
Calculating variance...
('Number of Degrees of Freedom:', 1006)
('PROBABILITY:', array([  7.53162302e+125,   4.37396335e+125,   2.21075269e+125,
         1.62071484e+125,   1.25551503e+125,   1.17620908e+125,
         1.30141153e+125,   1.96817935e+125,   3.91614534e+125,
         1.12433503e+126]))
('average', 1.2586456531310761)
('average2', 1.6194743830427021)
('variance:', 0.035285502896948984)
('events: ', 100000)
x
('resolution:', 10.0)
(98, 252)
None
'inputparameters.dat' -> '../freya/data_freya/inputparameters.dat'
/global/home/users/jayteeveedee/sf/cf252/variance/optimization/sub_py/error.py:133: RuntimeWarning: divide by zero encountered in double_scalars
  this_ratio = anal_array_depcolumn[row] / element[1,0]
/global/home/users/jayteeveedee/sf/cf252/variance/optimization/sub_py/error.py:133: RuntimeWarning: invalid value encountered in double_scalars
  this_ratio = anal_array_depcolumn[row] / element[1,0]
/global/home/users/jayteeveedee/sf/cf252/variance/optimization/sub_py/error.py:148: RuntimeWarning: invalid value encountered in double_scalars
  /(b**2*(y**2 + b**2)))
'inputparameters.dat' -> '../freya/data_freya/inputparameters.dat'
we are here
starting variance calculation
Begin Parsing Data...
('Parsing:', 'n_Af_alt')
('Parsing:', 'mannhart')
('Parsing:', 'n_TKE_alt')
('Parsing:', 'n_mult')
('Parsing:', 'm_mult_smudge')
('Parsing:', 'n_Af')
('Parsing:', 'average_photon_energy')
('Parsing:', 'm_mult')
('Parsing:', 'nubar')
('Parsing:', 'rest_n_spectrum')
('Parsing:', 'n_TKE')
('Parsing:', 'gammabar')
('Parsing:', 'nubar_moments')
('Time:', 0.011920928955078125)
Begin Optimizing FREYA (This may take a while...)
calculating errors on nodes...
Begin Rewriting Parameter File...
Successful.
Begin Generating Events...
WARNING: 1,000,000 events is recommended
Successful.
Time: 1.2805891037 sec
Importing Events...
100000 events imported.
Time: 1.23906803131 sec
Parsing events...
All events parsed.
Time: 12.3674840927 sec
Calculating Statistics... 
Time: 0.106547117233 sec
 Begin generating weighted chi-squared routine...
calculating error for: rest_n_spectrum
('average', 'rest_n_spectrum', 'error: ', 0.0)
Calculating error for:nubar
('nubar', 'error:', 128.80124999999978)
Calculating error for:gammabar
('gammabar', 'error:', 1.1617067306250024)
calculating error for: n_mult
('average', 'n_mult', 'error: ', 60.047725520930541)
calculating error for: n_Af
('average', 'n_Af', 'error: ', 51.966403459144693)
Calculating error for:average_photon_energy
('average_photon_energy', 'error:', 0.56698244901862194)
calculating error for: m_mult_smudge
('average', 'm_mult_smudge', 'error: ', 0.0)
calculating error for: m_mult
('average', 'm_mult', 'error: ', 0.38121889918508101)
calculating error for: n_Af_alt
('average', 'n_Af_alt', 'error: ', 0.0)
calculating error for: nubar_moments
('average', 'nubar_moments', 'error: ', 1029.8752723619937)
calculating error for: n_TKE_alt
('average', 'n_TKE_alt', 'error: ', 0.0)
calculating error for: mannhart
('average', 'mannhart', 'error: ', 13984.205728809782)
calculating error for: n_TKE
('average', 'n_TKE', 'error: ', 12.610156993609952)
('Time:', 0.014855146408081055)
('Total Weighted Error: ', 15269.616445224288)
('Total Error: ', 2738852.4234047807)
Successful.
Done.
('optimized parameters:', array([ 1.22222222]))
('time:', 781.3101608753204)
Begin printing output...
Finished.
Statistics generated in: 
/global/home/users/jayteeveedee/sf/cf252/variance/optimization/sub_py/../../output/variance/Z=98 A=252_E=-1_grid
Calculating variance...
('Number of Degrees of Freedom:', 1006)
('PROBABILITY:', array([  1.33439329e+125,   1.17389357e+125,   1.90657181e+125,
         3.94275104e+125,   9.07691634e+125,   1.63966555e+126,
         3.18239131e+126,   5.94245318e+126,   5.80035068e+126,
         8.81505938e+126]))
('average', 2.563118061814512)
('average2', 6.6957779299197)
('variance:', 0.12620373111991956)
('events: ', 100000)
c
('resolution:', 10.0)
(98, 252)
None
'inputparameters.dat' -> '../freya/data_freya/inputparameters.dat'
/global/home/users/jayteeveedee/sf/cf252/variance/optimization/sub_py/error.py:133: RuntimeWarning: divide by zero encountered in double_scalars
  this_ratio = anal_array_depcolumn[row] / element[1,0]
/global/home/users/jayteeveedee/sf/cf252/variance/optimization/sub_py/error.py:148: RuntimeWarning: invalid value encountered in double_scalars
  /(b**2*(y**2 + b**2)))
'inputparameters.dat' -> '../freya/data_freya/inputparameters.dat'
we are here
starting variance calculation
Begin Parsing Data...
('Parsing:', 'n_Af_alt')
('Parsing:', 'mannhart')
('Parsing:', 'n_TKE_alt')
('Parsing:', 'n_mult')
('Parsing:', 'm_mult_smudge')
('Parsing:', 'n_Af')
('Parsing:', 'average_photon_energy')
('Parsing:', 'm_mult')
('Parsing:', 'nubar')
('Parsing:', 'rest_n_spectrum')
('Parsing:', 'n_TKE')
('Parsing:', 'gammabar')
('Parsing:', 'nubar_moments')
('Time:', 0.012320995330810547)
Begin Optimizing FREYA (This may take a while...)
calculating errors on nodes...
Begin Rewriting Parameter File...
Successful.
Begin Generating Events...
WARNING: 1,000,000 events is recommended
Successful.
Time: 1.23992800713 sec
Importing Events...
100000 events imported.
Time: 1.27946591377 sec
Parsing events...
All events parsed.
Time: 12.4874591827 sec
Calculating Statistics... 
Time: 0.12891793251 sec
 Begin generating weighted chi-squared routine...
calculating error for: rest_n_spectrum
('average', 'rest_n_spectrum', 'error: ', 0.0)
Calculating error for:nubar
('nubar', 'error:', 650.59459200000208)
Calculating error for:gammabar
('gammabar', 'error:', 11.588237222499977)
calculating error for: n_mult
('average', 'n_mult', 'error: ', 6.335594835173505)
calculating error for: n_Af
('average', 'n_Af', 'error: ', 48.114732712220544)
Calculating error for:average_photon_energy
('average_photon_energy', 'error:', 2.0688193990120758)
calculating error for: m_mult_smudge
('average', 'm_mult_smudge', 'error: ', 0.0)
calculating error for: m_mult
('average', 'm_mult', 'error: ', 0.40964275549927259)
calculating error for: n_Af_alt
('average', 'n_Af_alt', 'error: ', 0.0)
calculating error for: nubar_moments
('average', 'nubar_moments', 'error: ', 930.07745832000398)
calculating error for: n_TKE_alt
('average', 'n_TKE_alt', 'error: ', 0.0)
calculating error for: mannhart
('average', 'mannhart', 'error: ', 13875.301128579946)
calculating error for: n_TKE
('average', 'n_TKE', 'error: ', 8.2890538855298033)
('Time:', 0.014948129653930664)
('Total Weighted Error: ', 15532.779259709887)
('Total Error: ', 2473900.4127814248)
Successful.
Done.
('optimized parameters:', array([ 0.83333333]))
('time:', 738.2278079986572)
Begin printing output...
Finished.
Statistics generated in: 
/global/home/users/jayteeveedee/sf/cf252/variance/optimization/sub_py/../../output/variance/Z=98 A=252_E=-1_grid
Calculating variance...
('Number of Degrees of Freedom:', 1006)
('PROBABILITY:', array([  1.01374042e+126,   3.24585082e+125,   1.56148547e+125,
         1.14484893e+125,   1.15431374e+125,   1.87578576e+125,
         4.20746663e+125,   1.47999309e+126,   4.16870852e+126,
         2.00600959e+127]))
('average', 1.3727802334510377)
('average2', 1.9361845193900056)
('variance:', 0.051658950036119977)
('events: ', 100000)
T
('resolution:', 10.0)
(98, 252)
None
'inputparameters.dat' -> '../freya/data_freya/inputparameters.dat'
/global/home/users/jayteeveedee/sf/cf252/variance/optimization/sub_py/error.py:133: RuntimeWarning: divide by zero encountered in double_scalars
  this_ratio = anal_array_depcolumn[row] / element[1,0]
/global/home/users/jayteeveedee/sf/cf252/variance/optimization/sub_py/error.py:148: RuntimeWarning: invalid value encountered in double_scalars
  /(b**2*(y**2 + b**2)))
/global/home/users/jayteeveedee/sf/cf252/variance/optimization/sub_py/error.py:133: RuntimeWarning: invalid value encountered in double_scalars
  this_ratio = anal_array_depcolumn[row] / element[1,0]
/global/home/users/jayteeveedee/sf/cf252/variance/optimization/sub_py/error.py:147: RuntimeWarning: invalid value encountered in double_scalars
  potential_ratio_bar = np.sqrt(((x**2 + a**2)*b**2 - a**2 * (y**2 + b**2))
'inputparameters.dat' -> '../freya/data_freya/inputparameters.dat'
we are here
starting variance calculation
Begin Parsing Data...
('Parsing:', 'n_Af_alt')
('Parsing:', 'mannhart')
('Parsing:', 'n_TKE_alt')
('Parsing:', 'n_mult')
('Parsing:', 'm_mult_smudge')
('Parsing:', 'n_Af')
('Parsing:', 'average_photon_energy')
('Parsing:', 'm_mult')
('Parsing:', 'nubar')
('Parsing:', 'rest_n_spectrum')
('Parsing:', 'n_TKE')
('Parsing:', 'gammabar')
('Parsing:', 'nubar_moments')
('Time:', 0.015136003494262695)
Begin Optimizing FREYA (This may take a while...)
calculating errors on nodes...
Begin Rewriting Parameter File...
Successful.
Begin Generating Events...
WARNING: 1,000,000 events is recommended
Successful.
Time: 1.19496202469 sec
Importing Events...
100000 events imported.
Time: 1.19562196732 sec
Parsing events...
All events parsed.
Time: 11.5256121159 sec
Calculating Statistics... 
Time: 0.109537124634 sec
 Begin generating weighted chi-squared routine...
calculating error for: rest_n_spectrum
('average', 'rest_n_spectrum', 'error: ', 0.0)
Calculating error for:nubar
('nubar', 'error:', 5975.2125620000024)
Calculating error for:gammabar
('gammabar', 'error:', 2.1019925306250067)
calculating error for: n_mult
('average', 'n_mult', 'error: ', 65.384247176184601)
calculating error for: n_Af
('average', 'n_Af', 'error: ', 97.620515150270407)
Calculating error for:average_photon_energy
('average_photon_energy', 'error:', 0.53554865875634172)
calculating error for: m_mult_smudge
('average', 'm_mult_smudge', 'error: ', 0.0)
calculating error for: m_mult
('average', 'm_mult', 'error: ', 0.48204215393465588)
calculating error for: n_Af_alt
('average', 'n_Af_alt', 'error: ', 0.0)
calculating error for: nubar_moments
('average', 'nubar_moments', 'error: ', 9915.262387464214)
calculating error for: n_TKE_alt
('average', 'n_TKE_alt', 'error: ', 0.0)
calculating error for: mannhart
('average', 'mannhart', 'error: ', 13765.549937765245)
calculating error for: n_TKE
('average', 'n_TKE', 'error: ', 9.4459522682423209)
('Time:', 0.01455998420715332)
('Total Weighted Error: ', 29831.595185167473)
('Total Error: ', 2450034.625795532)
Successful.
Done.
('optimized parameters:', array([ 0.55555556]))
('time:', 697.1869969367981)
Begin printing output...
Finished.
Statistics generated in: 
/global/home/users/jayteeveedee/sf/cf252/variance/optimization/sub_py/../../output/variance/Z=98 A=252_E=-1_grid
Calculating variance...
('Number of Degrees of Freedom:', 1006)
('PROBABILITY:', array([  1.26570110e+150,   3.14471251e+143,   1.26265297e+137,
         1.18425185e+131,   4.15119833e+126,   1.35358939e+125,
         1.05885648e+127,   1.30779691e+131,   2.49286785e+136,
         1.41898577e+141]))
('average', -4.9999992710261436)
('average2', 24.999993619890375)
('variance:', 9.0962840815222989e-07)
('events: ', 100000)
d
('resolution:', 10.0)
(98, 252)
None
           JobID    Elapsed 
---------------- ---------- 
         3067553   01:05:41 
